1600939940680:с
1600939943305:count
1600939955274:save book
1600939963830:count
1601127983126:save
1601127987543:save book
1601303605934:print
1601303721984:save
1601303734031:save book
1601303749351:print
1601555539961:print a 3
1601555553769:print all books
1601555565813:print a
1601555575951:print a 2
1601555640415:print a2
1601555659812:print a1
1601555685661:print a 3
1601555708652:print a4
1601555994190:print a2
1601556008415:print authors books2
1601556039644:p
1601556044876:p2
1601556048948:p 3
1601556091256:print by author 3
1601556159860:print
1601556209903:print by author 1
1601559027334:print by author Pushkin
1601560078036:c
1601560086939:print books
1601560098300:print by author Pushkin
